<?xml version="1.0" encoding="UTF-8"?>
<!-- Generated by org.testng.reporters.JUnitReportReporter -->
<testsuite hostname="RPIPL-NB-MGR050" name="com.rp.pw.scripts.PWLogin" tests="2" failures="0" timestamp="9 Dec 2014 13:11:58 GMT" time="55.310" errors="0">
  <testcase name="pwLoginFunctionality" time="21.278" classname="com.rp.pw.scripts.PWLogin"/>
  <testcase name="pwLoginFunctionality" time="34.032" classname="com.rp.pw.scripts.PWLogin"/>
</testsuite> <!-- com.rp.pw.scripts.PWLogin -->
