<?xml version="1.0" encoding="UTF-8"?>
<!-- Generated by org.testng.reporters.JUnitReportReporter -->
<testsuite hostname="RPIPL-NB-MGR050" name="com.rp.pw.scripts.CloseSession" tests="1" failures="0" timestamp="9 Dec 2014 10:27:36 GMT" time="13.696" errors="0">
  <testcase name="closeCurrentSession" time="13.696" classname="com.rp.pw.scripts.CloseSession"/>
</testsuite> <!-- com.rp.pw.scripts.CloseSession -->
