<?xml version="1.0" encoding="UTF-8"?>
<!-- Generated by org.testng.reporters.JUnitReportReporter -->
<testsuite hostname="RPIPL2-DT-DV016" name="com.rp.vmm.test.cases.PW22433_VMMSmokeTest" tests="1" failures="0" timestamp="20 Apr 2015 10:18:02 GMT" time="34.511" errors="0">
  <testcase name="vvmSmokeTest" time="34.511" classname="com.rp.vmm.test.cases.PW22433_VMMSmokeTest"/>
</testsuite> <!-- com.rp.vmm.test.cases.PW22433_VMMSmokeTest -->
